-------------------------------------------------------------------------------
>Log Session: Wednesday, March 16, 2022 11:35:04 AM CET
>System Info: 
  Product Version         = AsteroidEntityFramework 12.6-9cacf1fd305b775b176576c8b633b10b73524861
  Operating System        = Linux version 5.13.0-30-generic running on amd64
  Java; VM; Vendor        = 1.8.0_312; OpenJDK 64-Bit Server VM 25.312-b07; Private Build
  Runtime                 = OpenJDK Runtime Environment 1.8.0_312-8u312-b07-0ubuntu1~20.04-b07
  Java Home               = /usr/lib/jvm/java-8-openjdk-amd64/jre
  System Locale; Encoding = en_US (asteroidentityframework); UTF-8
  Home Directory          = /home/janpe20
  Current Directory       = /home/janpe20/Desktop/AsteroidProject/AsteroidEntityFramework/application
  User Directory          = /home/janpe20/Desktop/AsteroidProject/AsteroidEntityFramework/application/target/userdir
  Cache Directory         = /home/janpe20/.cache/asteroidentityframework/dev
  Installation            = /home/janpe20/Desktop/AsteroidProject/AsteroidEntityFramework/application/target/asteroidentityframework/extra
                            /home/janpe20/Desktop/AsteroidProject/AsteroidEntityFramework/application/target/asteroidentityframework/platform
                            /home/janpe20/Desktop/AsteroidProject/AsteroidEntityFramework/application/target/asteroidentityframework/bin
                            /home/janpe20/Desktop/AsteroidProject/AsteroidEntityFramework/application/target/asteroidentityframework/asteroidentityframework
                            /home/janpe20/Desktop/AsteroidProject/AsteroidEntityFramework/application/target/asteroidentityframework/etc
                            /home/janpe20/Desktop/AsteroidProject/AsteroidEntityFramework/application/target/asteroidentityframework/platform
  Boot & Ext. Classpath   = /usr/lib/jvm/java-8-openjdk-amd64/jre/lib/resources.jar:/usr/lib/jvm/java-8-openjdk-amd64/jre/lib/rt.jar:/usr/lib/jvm/java-8-openjdk-amd64/jre/lib/sunrsasign.jar:/usr/lib/jvm/java-8-openjdk-amd64/jre/lib/jsse.jar:/usr/lib/jvm/java-8-openjdk-amd64/jre/lib/jce.jar:/usr/lib/jvm/java-8-openjdk-amd64/jre/lib/charsets.jar:/usr/lib/jvm/java-8-openjdk-amd64/jre/lib/jfr.jar:/usr/lib/jvm/java-8-openjdk-amd64/jre/classes:/usr/lib/jvm/java-8-openjdk-amd64/jre/lib/ext/sunpkcs11.jar:/usr/lib/jvm/java-8-openjdk-amd64/jre/lib/ext/localedata.jar:/usr/lib/jvm/java-8-openjdk-amd64/jre/lib/ext/nashorn.jar:/usr/lib/jvm/java-8-openjdk-amd64/jre/lib/ext/dnsns.jar:/usr/lib/jvm/java-8-openjdk-amd64/jre/lib/ext/zipfs.jar:/usr/lib/jvm/java-8-openjdk-amd64/jre/lib/ext/sunec.jar:/usr/lib/jvm/java-8-openjdk-amd64/jre/lib/ext/cldrdata.jar:/usr/lib/jvm/java-8-openjdk-amd64/jre/lib/ext/icedtea-sound.jar:/usr/lib/jvm/java-8-openjdk-amd64/jre/lib/ext/sunjce_provider.jar:/usr/lib/jvm/java-8-openjdk-amd64/jre/lib/ext/jaccess.jar:/usr/lib/jvm/java-8-openjdk-amd64/jre/lib/ext/java-atk-wrapper.jar
  Application Classpath   = /home/janpe20/Desktop/AsteroidProject/AsteroidEntityFramework/application/target/asteroidentityframework/platform/lib/boot.jar:/home/janpe20/Desktop/AsteroidProject/AsteroidEntityFramework/application/target/asteroidentityframework/platform/lib/org-openide-modules.jar:/home/janpe20/Desktop/AsteroidProject/AsteroidEntityFramework/application/target/asteroidentityframework/platform/lib/org-openide-util.jar:/home/janpe20/Desktop/AsteroidProject/AsteroidEntityFramework/application/target/asteroidentityframework/platform/lib/org-openide-util-lookup.jar:/home/janpe20/Desktop/AsteroidProject/AsteroidEntityFramework/application/target/asteroidentityframework/platform/lib/org-openide-util-ui.jar:/usr/lib/jvm/java-8-openjdk-amd64/lib/dt.jar:/usr/lib/jvm/java-8-openjdk-amd64/lib/tools.jar
  Startup Classpath       = /home/janpe20/Desktop/AsteroidProject/AsteroidEntityFramework/application/target/asteroidentityframework/platform/core/asm-tree-9.2.jar:/home/janpe20/Desktop/AsteroidProject/AsteroidEntityFramework/application/target/asteroidentityframework/platform/core/core-base.jar:/home/janpe20/Desktop/AsteroidProject/AsteroidEntityFramework/application/target/asteroidentityframework/platform/core/asm-9.2.jar:/home/janpe20/Desktop/AsteroidProject/AsteroidEntityFramework/application/target/asteroidentityframework/platform/core/asm-commons-9.2.jar:/home/janpe20/Desktop/AsteroidProject/AsteroidEntityFramework/application/target/asteroidentityframework/platform/core/core.jar:/home/janpe20/Desktop/AsteroidProject/AsteroidEntityFramework/application/target/asteroidentityframework/platform/core/org-netbeans-libs-asm.jar:/home/janpe20/Desktop/AsteroidProject/AsteroidEntityFramework/application/target/asteroidentityframework/platform/core/org-openide-filesystems.jar:/home/janpe20/Desktop/AsteroidProject/AsteroidEntityFramework/application/target/asteroidentityframework/asteroidentityframework/core/locale/core_asteroidentityframework.jar
-------------------------------------------------------------------------------
INFO [org.netbeans.core.startup.NbEvents]: Turning on modules:
	org.openide.util.lookup [8.47 12.5-fd523ddc12d6156412d7b81f0c8663d8913d1021]
	org.openide.util [9.22 12.6-9cacf1fd305b775b176576c8b633b10b73524861]
	org.openide.util.ui [9.22 12.6-9cacf1fd305b775b176576c8b633b10b73524861]
	org.openide.modules [7.62 12.6-9cacf1fd305b775b176576c8b633b10b73524861]
	org.openide.filesystems [9.26 12.6-9cacf1fd305b775b176576c8b633b10b73524861]
	org.netbeans.libs.asm [5.17 12.6-9cacf1fd305b775b176576c8b633b10b73524861]
	org.netbeans.core.startup.base [1.76.0.1 1 12.6-9cacf1fd305b775b176576c8b633b10b73524861]
	org.netbeans.bootstrap/1 [2.92 12.6-9cacf1fd305b775b176576c8b633b10b73524861]
	org.netbeans.core.startup/1 [1.76.0.1 12.6-9cacf1fd305b775b176576c8b633b10b73524861]
	org.netbeans.api.annotations.common/1 [1.42 12.6-9cacf1fd305b775b176576c8b633b10b73524861]
	dk.sdu.mmmi.cbse.Common [1.0 1.0-20220316 202203161034]
	dk.sdu.mmmi.cbse.Player [1.0 1.0-20220316 202203161034]
	dk.sdu.mmmi.cbse.Enemy [1.0 1.0-20220316 202203161034]
	dk.sdu.mmmi.cbse.Collision [1.0 1.0-20220316 202203161034]
	dk.sdu.mmmi.cbse.Asteroid [1.0 1.0-20220316 202203161034]
	dk.sdu.mmmi.cbse.Core [1.0 1.0-20220316 202203161034]
	dk.sdu.mmmi.cbse.AsteroidEntityFramework.branding [1.0 1.0-20220316 202203161034]
